355 Sublime
325 Rush
320 Eminem
293 Ying Yang Twins
284 Snoop Dogg
279 Silverstein
277 Radiohead
272 Jimi Hendrix
265 Ludacris
264 Pink Floyd
264 The Rolling Stones
254 Nas
242 Red Hot Chili Peppers
230 Heart
218 Linkin Park
215 Shakira
212 Green Day
211 The Notorious B.I.G.
198 Nirvana
186 Weezer
183 Metallica
180 blink-182
173 Taking Back Sunday
172 Living Colour
166 Maroon 5
162 Britney Spears
161 Biffy Clyro
159 Primus
156 Black Sabbath
155 Modest Mouse
155 Daft Punk
154 Gareth Emery
154 Jimmy Eat World
147 Thrice
140 Supertramp
138 Gorillaz
136 Muse
135 Justin Bieber
134 Drake
134 The Wonder Years
132 Beyoncé
131 Queens of the Stone Age
127 Foo Fighters
127 Fall Out Boy
125 No Doubt
120 Minus The Bear
116 Enter Shikari
110 Ed Sheeran
103 Bring Me The Horizon
103 The Police
99 Man Overboard
95 The Killers
94 Coldplay
85 Bloc Party
84 The Weeknd
83 One Direction
82 Justin Timberlake
79 Katy Perry
79 Paramore
76 Rage Against The Machine
75 Kendrick Lamar
75 Dance Gavin Dance
74 Rx Bandits
71 Thirty Seconds To Mars
69 N.W.A.
63 The Dodos
62 Imagine Dragons
60 Architects
57 The Strokes
56 MGMT
54 The Pussycat Dolls
54 Young the Giant
52 Childish Gambino
52 Mother Falcon
51 The Fall of Troy
49 Arctic Monkeys
48 Defeater
47 Scale The Summit
46 La Dispute
45 Title Fight
42 At The Drive-In
40 Crossfaith
34 2NE1
33 Cage The Elephant
30 You Blew It!
29 Closure in Moscow
28 Adele
28 BABYMETAL
27 Ariana Grande
26 Chon
26 Dear and the Headlights
24 Local Natives
21 Girlfriends
20 Clarence Clarity
20 Bruno Mars
20 Hail The Sun
20 Fetty Wap
17 Bad Rabbits
17 John Cena
16 Deafheaven
11 Polyphia
